# JRE version: OpenJDK Runtime Environment (8.0_76-b03) (build 1.8.0_76-release-b03)
# Java VM: OpenJDK 64-Bit Server VM (25.76-b03 mixed mode windows-amd64 compressed oops)
Heap:
 PSYoungGen      total 362496K, used 351730K [0x00000000e0000000, 0x00000000f8300000, 0x0000000100000000)
  eden space 328704K, 96% used [0x00000000e0000000,0x00000000f36825d8,0x00000000f4100000)
  from space 33792K, 99% used [0x00000000f4100000,0x00000000f61fa3b0,0x00000000f6200000)
  to   space 33280K, 0% used [0x00000000f6200000,0x00000000f6200000,0x00000000f8280000)
 ParOldGen       total 167936K, used 137069K [0x00000000a0000000, 0x00000000aa400000, 0x00000000e0000000)
  object space 167936K, 81% used [0x00000000a0000000,0x00000000a85db758,0x00000000aa400000)
 Metaspace       used 65862K, capacity 67506K, committed 67840K, reserved 1107968K
  class space    used 8209K, capacity 8595K, committed 8704K, reserved 1048576K
GC Heap History (10 events):
Event: 195.673 GC heap before
{Heap before GC invocations=25 (full 3):
 PSYoungGen      total 362496K, used 361571K [0x00000000e0000000, 0x00000000f8300000, 0x0000000100000000)
  eden space 328704K, 100% used [0x00000000e0000000,0x00000000f4100000,0x00000000f4100000)
  from space 33792K, 97% used [0x00000000f4100000,0x00000000f6118d38,0x00000000f6200000)
  to   space 33280K, 0% used [0x00000000f6200000,0x00000000f6200000,0x00000000f8280000)
 ParOldGen       total 167936K, used 94795K [0x00000000a0000000, 0x00000000aa400000, 0x00000000e0000000)
  object space 167936K, 56% used [0x00000000a0000000,0x00000000a5c92e78,0x00000000aa400000)
 Metaspace       used 65796K, capacity 67468K, committed 67840K, reserved 1107968K
  class space    used 8211K, capacity 8602K, committed 8704K, reserved 1048576K
Event: 195.743 GC heap after
Heap after GC invocations=25 (full 3):
 PSYoungGen      total 361984K, used 9866K [0x00000000e0000000, 0x00000000f8300000, 0x0000000100000000)
  eden space 328704K, 0% used [0x00000000e0000000,0x00000000e0000000,0x00000000f4100000)
  from space 33280K, 29% used [0x00000000f6200000,0x00000000f6ba2b50,0x00000000f8280000)
  to   space 33792K, 0% used [0x00000000f4100000,0x00000000f4100000,0x00000000f6200000)
 ParOldGen       total 167936K, used 101573K [0x00000000a0000000, 0x00000000aa400000, 0x00000000e0000000)
  object space 167936K, 60% used [0x00000000a0000000,0x00000000a63317c8,0x00000000aa400000)
 Metaspace       used 65796K, capacity 67468K, committed 67840K, reserved 1107968K
  class space    used 8211K, capacity 8602K, committed 8704K, reserved 1048576K
}
Event: 202.304 GC heap before
{Heap before GC invocations=26 (full 3):
 PSYoungGen      total 361984K, used 338570K [0x00000000e0000000, 0x00000000f8300000, 0x0000000100000000)
  eden space 328704K, 100% used [0x00000000e0000000,0x00000000f4100000,0x00000000f4100000)
  from space 33280K, 29% used [0x00000000f6200000,0x00000000f6ba2b50,0x00000000f8280000)
  to   space 33792K, 0% used [0x00000000f4100000,0x00000000f4100000,0x00000000f6200000)
 ParOldGen       total 167936K, used 101573K [0x00000000a0000000, 0x00000000aa400000, 0x00000000e0000000)
  object space 167936K, 60% used [0x00000000a0000000,0x00000000a63317c8,0x00000000aa400000)
 Metaspace       used 65835K, capacity 67532K, committed 67840K, reserved 1107968K
  class space    used 8212K, capacity 8602K, committed 8704K, reserved 1048576K
Event: 202.532 GC heap after
Heap after GC invocations=26 (full 3):
 PSYoungGen      total 362496K, used 28934K [0x00000000e0000000, 0x00000000f8300000, 0x0000000100000000)
  eden space 328704K, 0% used [0x00000000e0000000,0x00000000e0000000,0x00000000f4100000)
  from space 33792K, 85% used [0x00000000f4100000,0x00000000f5d41b50,0x00000000f6200000)
  to   space 33280K, 0% used [0x00000000f6200000,0x00000000f6200000,0x00000000f8280000)
 ParOldGen       total 167936K, used 105694K [0x00000000a0000000, 0x00000000aa400000, 0x00000000e0000000)
  object space 167936K, 62% used [0x00000000a0000000,0x00000000a6737958,0x00000000aa400000)
 Metaspace       used 65835K, capacity 67532K, committed 67840K, reserved 1107968K
  class space    used 8212K, capacity 8602K, committed 8704K, reserved 1048576K
}
Event: 204.592 GC heap before
{Heap before GC invocations=27 (full 3):
 PSYoungGen      total 362496K, used 357638K [0x00000000e0000000, 0x00000000f8300000, 0x0000000100000000)
  eden space 328704K, 100% used [0x00000000e0000000,0x00000000f4100000,0x00000000f4100000)
  from space 33792K, 85% used [0x00000000f4100000,0x00000000f5d41b50,0x00000000f6200000)
  to   space 33280K, 0% used [0x00000000f6200000,0x00000000f6200000,0x00000000f8280000)
 ParOldGen       total 167936K, used 105694K [0x00000000a0000000, 0x00000000aa400000, 0x00000000e0000000)
  object space 167936K, 62% used [0x00000000a0000000,0x00000000a6737958,0x00000000aa400000)
 Metaspace       used 65846K, capacity 67532K, committed 67840K, reserved 1107968K
  class space    used 8212K, capacity 8602K, committed 8704K, reserved 1048576K
Event: 204.808 GC heap after
Heap after GC invocations=27 (full 3):
 PSYoungGen      total 361984K, used 33272K [0x00000000e0000000, 0x00000000f8300000, 0x0000000100000000)
  eden space 328704K, 0% used [0x00000000e0000000,0x00000000e0000000,0x00000000f4100000)
  from space 33280K, 99% used [0x00000000f6200000,0x00000000f827e090,0x00000000f8280000)
  to   space 33792K, 0% used [0x00000000f4100000,0x00000000f4100000,0x00000000f6200000)
 ParOldGen       total 167936K, used 144074K [0x00000000a0000000, 0x00000000aa400000, 0x00000000e0000000)
  object space 167936K, 85% used [0x00000000a0000000,0x00000000a8cb28e8,0x00000000aa400000)
 Metaspace       used 65846K, capacity 67532K, committed 67840K, reserved 1107968K
  class space    used 8212K, capacity 8602K, committed 8704K, reserved 1048576K
}
Event: 204.808 GC heap before
{Heap before GC invocations=28 (full 4):
 PSYoungGen      total 361984K, used 33272K [0x00000000e0000000, 0x00000000f8300000, 0x0000000100000000)
  eden space 328704K, 0% used [0x00000000e0000000,0x00000000e0000000,0x00000000f4100000)
  from space 33280K, 99% used [0x00000000f6200000,0x00000000f827e090,0x00000000f8280000)
  to   space 33792K, 0% used [0x00000000f4100000,0x00000000f4100000,0x00000000f6200000)
 ParOldGen       total 167936K, used 144074K [0x00000000a0000000, 0x00000000aa400000, 0x00000000e0000000)
  object space 167936K, 85% used [0x00000000a0000000,0x00000000a8cb28e8,0x00000000aa400000)
 Metaspace       used 65846K, capacity 67532K, committed 67840K, reserved 1107968K
  class space    used 8212K, capacity 8602K, committed 8704K, reserved 1048576K
Event: 206.187 GC heap after
Heap after GC invocations=28 (full 4):
 PSYoungGen      total 361984K, used 0K [0x00000000e0000000, 0x00000000f8300000, 0x0000000100000000)
  eden space 328704K, 0% used [0x00000000e0000000,0x00000000e0000000,0x00000000f4100000)
  from space 33280K, 0% used [0x00000000f6200000,0x00000000f6200000,0x00000000f8280000)
  to   space 33792K, 0% used [0x00000000f4100000,0x00000000f4100000,0x00000000f6200000)
 ParOldGen       total 167936K, used 132259K [0x00000000a0000000, 0x00000000aa400000, 0x00000000e0000000)
  object space 167936K, 78% used [0x00000000a0000000,0x00000000a8128fe0,0x00000000aa400000)
 Metaspace       used 65836K, capacity 67506K, committed 67840K, reserved 1107968K
  class space    used 8208K, capacity 8595K, committed 8704K, reserved 1048576K
}
Event: 208.779 GC heap before
{Heap before GC invocations=29 (full 4):
 PSYoungGen      total 361984K, used 328704K [0x00000000e0000000, 0x00000000f8300000, 0x0000000100000000)
  eden space 328704K, 100% used [0x00000000e0000000,0x00000000f4100000,0x00000000f4100000)
  from space 33280K, 0% used [0x00000000f6200000,0x00000000f6200000,0x00000000f8280000)
  to   space 33792K, 0% used [0x00000000f4100000,0x00000000f4100000,0x00000000f6200000)
 ParOldGen       total 167936K, used 132259K [0x00000000a0000000, 0x00000000aa400000, 0x00000000e0000000)
  object space 167936K, 78% used [0x00000000a0000000,0x00000000a8128fe0,0x00000000aa400000)
 Metaspace       used 65850K, capacity 67506K, committed 67840K, reserved 1107968K
  class space    used 8209K, capacity 8595K, committed 8704K, reserved 1048576K
Event: 208.985 GC heap after
Heap after GC invocations=29 (full 4):
 PSYoungGen      total 362496K, used 33768K [0x00000000e0000000, 0x00000000f8300000, 0x0000000100000000)
  eden space 328704K, 0% used [0x00000000e0000000,0x00000000e0000000,0x00000000f4100000)
  from space 33792K, 99% used [0x00000000f4100000,0x00000000f61fa3b0,0x00000000f6200000)
  to   space 33280K, 0% used [0x00000000f6200000,0x00000000f6200000,0x00000000f8280000)
 ParOldGen       total 167936K, used 137069K [0x00000000a0000000, 0x00000000aa400000, 0x00000000e0000000)
  object space 167936K, 81% used [0x00000000a0000000,0x00000000a85db758,0x00000000aa400000)
 Metaspace       used 65850K, capacity 67506K, committed 67840K, reserved 1107968K
  class space    used 8209K, capacity 8595K, committed 8704K, reserved 1048576K
}

