# JRE version: OpenJDK Runtime Environment (8.0_76-b03) (build 1.8.0_76-release-b03)
# Java VM: OpenJDK 64-Bit Server VM (25.76-b03 mixed mode windows-amd64 compressed oops)
Heap:
 PSYoungGen      total 443392K, used 106845K [0x00000000e0000000, 0x00000000fff00000, 0x0000000100000000)
  eden space 367616K, 29% used [0x00000000e0000000,0x00000000e6857508,0x00000000f6700000)
  from space 75776K, 0% used [0x00000000fb500000,0x00000000fb500000,0x00000000fff00000)
  to   space 77824K, 0% used [0x00000000f6700000,0x00000000f6700000,0x00000000fb300000)
 ParOldGen       total 170496K, used 170141K [0x00000000a0000000, 0x00000000aa680000, 0x00000000e0000000)
  object space 170496K, 99% used [0x00000000a0000000,0x00000000aa627450,0x00000000aa680000)
 Metaspace       used 65887K, capacity 67614K, committed 67840K, reserved 1107968K
  class space    used 8215K, capacity 8629K, committed 8704K, reserved 1048576K
GC Heap History (10 events):
Event: 162.858 GC heap before
{Heap before GC invocations=31 (full 5):
 PSYoungGen      total 434176K, used 395136K [0x00000000e0000000, 0x0000000100000000, 0x0000000100000000)
  eden space 354304K, 100% used [0x00000000e0000000,0x00000000f5a00000,0x00000000f5a00000)
  from space 79872K, 51% used [0x00000000f5a00000,0x00000000f81e0140,0x00000000fa800000)
  to   space 76800K, 0% used [0x00000000fb500000,0x00000000fb500000,0x0000000100000000)
 ParOldGen       total 170496K, used 141988K [0x00000000a0000000, 0x00000000aa680000, 0x00000000e0000000)
  object space 170496K, 83% used [0x00000000a0000000,0x00000000a8aa92a0,0x00000000aa680000)
 Metaspace       used 65818K, capacity 67494K, committed 67840K, reserved 1107968K
  class space    used 8206K, capacity 8593K, committed 8704K, reserved 1048576K
Event: 163.115 GC heap after
Heap after GC invocations=31 (full 5):
 PSYoungGen      total 443392K, used 53154K [0x00000000e0000000, 0x00000000fff00000, 0x0000000100000000)
  eden space 367616K, 0% used [0x00000000e0000000,0x00000000e0000000,0x00000000f6700000)
  from space 75776K, 70% used [0x00000000fb500000,0x00000000fe8e8950,0x00000000fff00000)
  to   space 77824K, 0% used [0x00000000f6700000,0x00000000f6700000,0x00000000fb300000)
 ParOldGen       total 170496K, used 159216K [0x00000000a0000000, 0x00000000aa680000, 0x00000000e0000000)
  object space 170496K, 93% used [0x00000000a0000000,0x00000000a9b7c070,0x00000000aa680000)
 Metaspace       used 65818K, capacity 67494K, committed 67840K, reserved 1107968K
  class space    used 8206K, capacity 8593K, committed 8704K, reserved 1048576K
}
Event: 163.115 GC heap before
{Heap before GC invocations=32 (full 6):
 PSYoungGen      total 443392K, used 53154K [0x00000000e0000000, 0x00000000fff00000, 0x0000000100000000)
  eden space 367616K, 0% used [0x00000000e0000000,0x00000000e0000000,0x00000000f6700000)
  from space 75776K, 70% used [0x00000000fb500000,0x00000000fe8e8950,0x00000000fff00000)
  to   space 77824K, 0% used [0x00000000f6700000,0x00000000f6700000,0x00000000fb300000)
 ParOldGen       total 170496K, used 159216K [0x00000000a0000000, 0x00000000aa680000, 0x00000000e0000000)
  object space 170496K, 93% used [0x00000000a0000000,0x00000000a9b7c070,0x00000000aa680000)
 Metaspace       used 65818K, capacity 67494K, committed 67840K, reserved 1107968K
  class space    used 8206K, capacity 8593K, committed 8704K, reserved 1048576K
Event: 164.411 GC heap after
Heap after GC invocations=32 (full 6):
 PSYoungGen      total 443392K, used 0K [0x00000000e0000000, 0x00000000fff00000, 0x0000000100000000)
  eden space 367616K, 0% used [0x00000000e0000000,0x00000000e0000000,0x00000000f6700000)
  from space 75776K, 0% used [0x00000000fb500000,0x00000000fb500000,0x00000000fff00000)
  to   space 77824K, 0% used [0x00000000f6700000,0x00000000f6700000,0x00000000fb300000)
 ParOldGen       total 170496K, used 155129K [0x00000000a0000000, 0x00000000aa680000, 0x00000000e0000000)
  object space 170496K, 90% used [0x00000000a0000000,0x00000000a977e7e0,0x00000000aa680000)
 Metaspace       used 65818K, capacity 67494K, committed 67840K, reserved 1107968K
  class space    used 8206K, capacity 8593K, committed 8704K, reserved 1048576K
}
Event: 166.144 GC heap before
{Heap before GC invocations=33 (full 7):
 PSYoungGen      total 443392K, used 367616K [0x00000000e0000000, 0x00000000fff00000, 0x0000000100000000)
  eden space 367616K, 100% used [0x00000000e0000000,0x00000000f6700000,0x00000000f6700000)
  from space 75776K, 0% used [0x00000000fb500000,0x00000000fb500000,0x00000000fff00000)
  to   space 77824K, 0% used [0x00000000f6700000,0x00000000f6700000,0x00000000fb300000)
 ParOldGen       total 170496K, used 155129K [0x00000000a0000000, 0x00000000aa680000, 0x00000000e0000000)
  object space 170496K, 90% used [0x00000000a0000000,0x00000000a977e7e0,0x00000000aa680000)
 Metaspace       used 65818K, capacity 67494K, committed 67840K, reserved 1107968K
  class space    used 8206K, capacity 8593K, committed 8704K, reserved 1048576K
Event: 168.877 GC heap after
Heap after GC invocations=33 (full 7):
 PSYoungGen      total 443392K, used 37880K [0x00000000e0000000, 0x00000000fff00000, 0x0000000100000000)
  eden space 367616K, 10% used [0x00000000e0000000,0x00000000e24fe368,0x00000000f6700000)
  from space 75776K, 0% used [0x00000000fb500000,0x00000000fb500000,0x00000000fff00000)
  to   space 77824K, 0% used [0x00000000f6700000,0x00000000f6700000,0x00000000fb300000)
 ParOldGen       total 170496K, used 170436K [0x00000000a0000000, 0x00000000aa680000, 0x00000000e0000000)
  object space 170496K, 99% used [0x00000000a0000000,0x00000000aa671310,0x00000000aa680000)
 Metaspace       used 65818K, capacity 67494K, committed 67840K, reserved 1107968K
  class space    used 8206K, capacity 8593K, committed 8704K, reserved 1048576K
}
Event: 171.680 GC heap before
{Heap before GC invocations=34 (full 8):
 PSYoungGen      total 443392K, used 367616K [0x00000000e0000000, 0x00000000fff00000, 0x0000000100000000)
  eden space 367616K, 100% used [0x00000000e0000000,0x00000000f6700000,0x00000000f6700000)
  from space 75776K, 0% used [0x00000000fb500000,0x00000000fb500000,0x00000000fff00000)
  to   space 77824K, 0% used [0x00000000f6700000,0x00000000f6700000,0x00000000fb300000)
 ParOldGen       total 170496K, used 170436K [0x00000000a0000000, 0x00000000aa680000, 0x00000000e0000000)
  object space 170496K, 99% used [0x00000000a0000000,0x00000000aa671310,0x00000000aa680000)
 Metaspace       used 65826K, capacity 67558K, committed 67840K, reserved 1107968K
  class space    used 8206K, capacity 8593K, committed 8704K, reserved 1048576K
Event: 176.057 GC heap after
Heap after GC invocations=34 (full 8):
 PSYoungGen      total 443392K, used 83836K [0x00000000e0000000, 0x00000000fff00000, 0x0000000100000000)
  eden space 367616K, 22% used [0x00000000e0000000,0x00000000e51df1d0,0x00000000f6700000)
  from space 75776K, 0% used [0x00000000fb500000,0x00000000fb500000,0x00000000fff00000)
  to   space 77824K, 0% used [0x00000000f6700000,0x00000000f6700000,0x00000000fb300000)
 ParOldGen       total 170496K, used 170226K [0x00000000a0000000, 0x00000000aa680000, 0x00000000e0000000)
  object space 170496K, 99% used [0x00000000a0000000,0x00000000aa63c960,0x00000000aa680000)
 Metaspace       used 65826K, capacity 67558K, committed 67840K, reserved 1107968K
  class space    used 8206K, capacity 8593K, committed 8704K, reserved 1048576K
}
Event: 177.972 GC heap before
{Heap before GC invocations=35 (full 9):
 PSYoungGen      total 443392K, used 367616K [0x00000000e0000000, 0x00000000fff00000, 0x0000000100000000)
  eden space 367616K, 100% used [0x00000000e0000000,0x00000000f6700000,0x00000000f6700000)
  from space 75776K, 0% used [0x00000000fb500000,0x00000000fb500000,0x00000000fff00000)
  to   space 77824K, 0% used [0x00000000f6700000,0x00000000f6700000,0x00000000fb300000)
 ParOldGen       total 170496K, used 170226K [0x00000000a0000000, 0x00000000aa680000, 0x00000000e0000000)
  object space 170496K, 99% used [0x00000000a0000000,0x00000000aa63c960,0x00000000aa680000)
 Metaspace       used 65831K, capacity 67558K, committed 67840K, reserved 1107968K
  class space    used 8206K, capacity 8593K, committed 8704K, reserved 1048576K
Event: 182.395 GC heap after
Heap after GC invocations=35 (full 9):
 PSYoungGen      total 443392K, used 83863K [0x00000000e0000000, 0x00000000fff00000, 0x0000000100000000)
  eden space 367616K, 22% used [0x00000000e0000000,0x00000000e51e5e80,0x00000000f6700000)
  from space 75776K, 0% used [0x00000000fb500000,0x00000000fb500000,0x00000000fff00000)
  to   space 77824K, 0% used [0x00000000f6700000,0x00000000f6700000,0x00000000fb300000)
 ParOldGen       total 170496K, used 170141K [0x00000000a0000000, 0x00000000aa680000, 0x00000000e0000000)
  object space 170496K, 99% used [0x00000000a0000000,0x00000000aa627450,0x00000000aa680000)
 Metaspace       used 65831K, capacity 67558K, committed 67840K, reserved 1107968K
  class space    used 8206K, capacity 8593K, committed 8704K, reserved 1048576K
}

