# JRE version: OpenJDK Runtime Environment (8.0_76-b03) (build 1.8.0_76-release-b03)
# Java VM: OpenJDK 64-Bit Server VM (25.76-b03 mixed mode windows-amd64 compressed oops)
Heap:
 PSYoungGen      total 413696K, used 54522K [0x00000000e0000000, 0x0000000100000000, 0x0000000100000000)
  eden space 362496K, 5% used [0x00000000e0000000,0x00000000e1206e58,0x00000000f6200000)
  from space 51200K, 70% used [0x00000000f6200000,0x00000000f8537b10,0x00000000f9400000)
  to   space 54272K, 0% used [0x00000000fcb00000,0x00000000fcb00000,0x0000000100000000)
 ParOldGen       total 192000K, used 98232K [0x00000000a0000000, 0x00000000abb80000, 0x00000000e0000000)
  object space 192000K, 51% used [0x00000000a0000000,0x00000000a5fee090,0x00000000abb80000)
 Metaspace       used 65444K, capacity 67150K, committed 67376K, reserved 1107968K
  class space    used 8210K, capacity 8627K, committed 8752K, reserved 1048576K
GC Heap History (10 events):
Event: 77.015 GC heap before
{Heap before GC invocations=16 (full 3):
 PSYoungGen      total 248832K, used 34276K [0x00000000e0000000, 0x00000000f3d80000, 0x0000000100000000)
  eden space 214528K, 0% used [0x00000000e0000000,0x00000000e0000000,0x00000000ed180000)
  from space 34304K, 99% used [0x00000000ed180000,0x00000000ef2f92b0,0x00000000ef300000)
  to   space 39936K, 0% used [0x00000000f1680000,0x00000000f1680000,0x00000000f3d80000)
 ParOldGen       total 108544K, used 55171K [0x00000000a0000000, 0x00000000a6a00000, 0x00000000e0000000)
  object space 108544K, 50% used [0x00000000a0000000,0x00000000a35e0de0,0x00000000a6a00000)
 Metaspace       used 57641K, capacity 59040K, committed 59160K, reserved 1101824K
  class space    used 7485K, capacity 7832K, committed 7856K, reserved 1048576K
Event: 77.449 GC heap after
Heap after GC invocations=16 (full 3):
 PSYoungGen      total 248832K, used 0K [0x00000000e0000000, 0x00000000f3d80000, 0x0000000100000000)
  eden space 214528K, 0% used [0x00000000e0000000,0x00000000e0000000,0x00000000ed180000)
  from space 34304K, 0% used [0x00000000ed180000,0x00000000ed180000,0x00000000ef300000)
  to   space 39936K, 0% used [0x00000000f1680000,0x00000000f1680000,0x00000000f3d80000)
 ParOldGen       total 192000K, used 59941K [0x00000000a0000000, 0x00000000abb80000, 0x00000000e0000000)
  object space 192000K, 31% used [0x00000000a0000000,0x00000000a3a89480,0x00000000abb80000)
 Metaspace       used 57639K, capacity 59034K, committed 59160K, reserved 1101824K
  class space    used 7485K, capacity 7831K, committed 7856K, reserved 1048576K
}
Event: 83.866 GC heap before
{Heap before GC invocations=17 (full 3):
 PSYoungGen      total 248832K, used 214065K [0x00000000e0000000, 0x00000000f3d80000, 0x0000000100000000)
  eden space 214528K, 99% used [0x00000000e0000000,0x00000000ed10c7f8,0x00000000ed180000)
  from space 34304K, 0% used [0x00000000ed180000,0x00000000ed180000,0x00000000ef300000)
  to   space 39936K, 0% used [0x00000000f1680000,0x00000000f1680000,0x00000000f3d80000)
 ParOldGen       total 192000K, used 59941K [0x00000000a0000000, 0x00000000abb80000, 0x00000000e0000000)
  object space 192000K, 31% used [0x00000000a0000000,0x00000000a3a89480,0x00000000abb80000)
 Metaspace       used 60395K, capacity 61960K, committed 62128K, reserved 1103872K
  class space    used 7740K, capacity 8108K, committed 8112K, reserved 1048576K
Event: 83.919 GC heap after
Heap after GC invocations=17 (full 3):
 PSYoungGen      total 279040K, used 39919K [0x00000000e0000000, 0x00000000f5080000, 0x0000000100000000)
  eden space 239104K, 0% used [0x00000000e0000000,0x00000000e0000000,0x00000000ee980000)
  from space 39936K, 99% used [0x00000000f1680000,0x00000000f3d7bff8,0x00000000f3d80000)
  to   space 46080K, 0% used [0x00000000ee980000,0x00000000ee980000,0x00000000f1680000)
 ParOldGen       total 192000K, used 60225K [0x00000000a0000000, 0x00000000abb80000, 0x00000000e0000000)
  object space 192000K, 31% used [0x00000000a0000000,0x00000000a3ad0518,0x00000000abb80000)
 Metaspace       used 60395K, capacity 61960K, committed 62128K, reserved 1103872K
  class space    used 7740K, capacity 8108K, committed 8112K, reserved 1048576K
}
Event: 83.955 GC heap before
{Heap before GC invocations=18 (full 3):
 PSYoungGen      total 279040K, used 278402K [0x00000000e0000000, 0x00000000f5080000, 0x0000000100000000)
  eden space 239104K, 99% used [0x00000000e0000000,0x00000000ee8e4b18,0x00000000ee980000)
  from space 39936K, 99% used [0x00000000f1680000,0x00000000f3d7bff8,0x00000000f3d80000)
  to   space 46080K, 0% used [0x00000000ee980000,0x00000000ee980000,0x00000000f1680000)
 ParOldGen       total 192000K, used 60225K [0x00000000a0000000, 0x00000000abb80000, 0x00000000e0000000)
  object space 192000K, 31% used [0x00000000a0000000,0x00000000a3ad0518,0x00000000abb80000)
 Metaspace       used 60405K, capacity 61960K, committed 62128K, reserved 1103872K
  class space    used 7740K, capacity 8108K, committed 8112K, reserved 1048576K
Event: 83.986 GC heap after
Heap after GC invocations=18 (full 3):
 PSYoungGen      total 285184K, used 38368K [0x00000000e0000000, 0x00000000fc600000, 0x0000000100000000)
  eden space 239104K, 0% used [0x00000000e0000000,0x00000000e0000000,0x00000000ee980000)
  from space 46080K, 83% used [0x00000000ee980000,0x00000000f0ef8130,0x00000000f1680000)
  to   space 50688K, 0% used [0x00000000f9480000,0x00000000f9480000,0x00000000fc600000)
 ParOldGen       total 192000K, used 60233K [0x00000000a0000000, 0x00000000abb80000, 0x00000000e0000000)
  object space 192000K, 31% used [0x00000000a0000000,0x00000000a3ad2518,0x00000000abb80000)
 Metaspace       used 60405K, capacity 61960K, committed 62128K, reserved 1103872K
  class space    used 7740K, capacity 8108K, committed 8112K, reserved 1048576K
}
Event: 84.344 GC heap before
{Heap before GC invocations=19 (full 3):
 PSYoungGen      total 285184K, used 277472K [0x00000000e0000000, 0x00000000fc600000, 0x0000000100000000)
  eden space 239104K, 100% used [0x00000000e0000000,0x00000000ee980000,0x00000000ee980000)
  from space 46080K, 83% used [0x00000000ee980000,0x00000000f0ef8130,0x00000000f1680000)
  to   space 50688K, 0% used [0x00000000f9480000,0x00000000f9480000,0x00000000fc600000)
 ParOldGen       total 192000K, used 60233K [0x00000000a0000000, 0x00000000abb80000, 0x00000000e0000000)
  object space 192000K, 31% used [0x00000000a0000000,0x00000000a3ad2518,0x00000000abb80000)
 Metaspace       used 60519K, capacity 62056K, committed 62256K, reserved 1103872K
  class space    used 7759K, capacity 8114K, committed 8240K, reserved 1048576K
Event: 84.376 GC heap after
Heap after GC invocations=19 (full 3):
 PSYoungGen      total 413184K, used 224K [0x00000000e0000000, 0x00000000fc600000, 0x0000000100000000)
  eden space 362496K, 0% used [0x00000000e0000000,0x00000000e0000000,0x00000000f6200000)
  from space 50688K, 0% used [0x00000000f9480000,0x00000000f94b8000,0x00000000fc600000)
  to   space 51200K, 0% used [0x00000000f6200000,0x00000000f6200000,0x00000000f9400000)
 ParOldGen       total 192000K, used 98164K [0x00000000a0000000, 0x00000000abb80000, 0x00000000e0000000)
  object space 192000K, 51% used [0x00000000a0000000,0x00000000a5fdd080,0x00000000abb80000)
 Metaspace       used 60519K, capacity 62056K, committed 62256K, reserved 1103872K
  class space    used 7759K, capacity 8114K, committed 8240K, reserved 1048576K
}
Event: 95.409 GC heap before
{Heap before GC invocations=20 (full 3):
 PSYoungGen      total 413184K, used 362720K [0x00000000e0000000, 0x00000000fc600000, 0x0000000100000000)
  eden space 362496K, 100% used [0x00000000e0000000,0x00000000f6200000,0x00000000f6200000)
  from space 50688K, 0% used [0x00000000f9480000,0x00000000f94b8000,0x00000000fc600000)
  to   space 51200K, 0% used [0x00000000f6200000,0x00000000f6200000,0x00000000f9400000)
 ParOldGen       total 192000K, used 98164K [0x00000000a0000000, 0x00000000abb80000, 0x00000000e0000000)
  object space 192000K, 51% used [0x00000000a0000000,0x00000000a5fdd080,0x00000000abb80000)
 Metaspace       used 65444K, capacity 67150K, committed 67376K, reserved 1107968K
  class space    used 8210K, capacity 8627K, committed 8752K, reserved 1048576K
Event: 95.495 GC heap after
Heap after GC invocations=20 (full 3):
 PSYoungGen      total 413696K, used 36062K [0x00000000e0000000, 0x0000000100000000, 0x0000000100000000)
  eden space 362496K, 0% used [0x00000000e0000000,0x00000000e0000000,0x00000000f6200000)
  from space 51200K, 70% used [0x00000000f6200000,0x00000000f8537b10,0x00000000f9400000)
  to   space 54272K, 0% used [0x00000000fcb00000,0x00000000fcb00000,0x0000000100000000)
 ParOldGen       total 192000K, used 98232K [0x00000000a0000000, 0x00000000abb80000, 0x00000000e0000000)
  object space 192000K, 51% used [0x00000000a0000000,0x00000000a5fee090,0x00000000abb80000)
 Metaspace       used 65444K, capacity 67150K, committed 67376K, reserved 1107968K
  class space    used 8210K, capacity 8627K, committed 8752K, reserved 1048576K
}

