# JRE version: OpenJDK Runtime Environment (8.0_76-b03) (build 1.8.0_76-release-b03)
# Java VM: OpenJDK 64-Bit Server VM (25.76-b03 mixed mode windows-amd64 compressed oops)
Heap:
 PSYoungGen      total 384512K, used 281246K [0x00000000e0000000, 0x00000000ff700000, 0x0000000100000000)
  eden space 267264K, 92% used [0x00000000e0000000,0x00000000ef103190,0x00000000f0500000)
  from space 117248K, 29% used [0x00000000f8480000,0x00000000fa624818,0x00000000ff700000)
  to   space 123904K, 0% used [0x00000000f0500000,0x00000000f0500000,0x00000000f7e00000)
 ParOldGen       total 312832K, used 224488K [0x00000000a0000000, 0x00000000b3180000, 0x00000000e0000000)
  object space 312832K, 71% used [0x00000000a0000000,0x00000000adb3a378,0x00000000b3180000)
 Metaspace       used 70135K, capacity 72288K, committed 73472K, reserved 1114112K
  class space    used 8564K, capacity 8962K, committed 9216K, reserved 1048576K
GC Heap History (10 events):
Event: 7411.547 GC heap before
{Heap before GC invocations=48 (full 8):
 PSYoungGen      total 419840K, used 419837K [0x00000000e0000000, 0x0000000100000000, 0x0000000100000000)
  eden space 318464K, 100% used [0x00000000e0000000,0x00000000f3700000,0x00000000f3700000)
  from space 101376K, 99% used [0x00000000f3700000,0x00000000f99ff6e0,0x00000000f9a00000)
  to   space 104448K, 0% used [0x00000000f9a00000,0x00000000f9a00000,0x0000000100000000)
 ParOldGen       total 284160K, used 162947K [0x00000000a0000000, 0x00000000b1580000, 0x00000000e0000000)
  object space 284160K, 57% used [0x00000000a0000000,0x00000000a9f20fb8,0x00000000b1580000)
 Metaspace       used 70060K, capacity 72246K, committed 73472K, reserved 1114112K
  class space    used 8553K, capacity 8955K, committed 9216K, reserved 1048576K
Event: 7411.864 GC heap after
Heap after GC invocations=48 (full 8):
 PSYoungGen      total 367616K, used 101805K [0x00000000e0000000, 0x0000000100000000, 0x0000000100000000)
  eden space 263168K, 0% used [0x00000000e0000000,0x00000000e0000000,0x00000000f0100000)
  from space 104448K, 97% used [0x00000000f9a00000,0x00000000ffd6b7c0,0x0000000100000000)
  to   space 130560K, 0% used [0x00000000f0100000,0x00000000f0100000,0x00000000f8080000)
 ParOldGen       total 284160K, used 213630K [0x00000000a0000000, 0x00000000b1580000, 0x00000000e0000000)
  object space 284160K, 75% used [0x00000000a0000000,0x00000000ad09fa30,0x00000000b1580000)
 Metaspace       used 70060K, capacity 72246K, committed 73472K, reserved 1114112K
  class space    used 8553K, capacity 8955K, committed 9216K, reserved 1048576K
}
Event: 7412.820 GC heap before
{Heap before GC invocations=49 (full 8):
 PSYoungGen      total 367616K, used 364973K [0x00000000e0000000, 0x0000000100000000, 0x0000000100000000)
  eden space 263168K, 100% used [0x00000000e0000000,0x00000000f0100000,0x00000000f0100000)
  from space 104448K, 97% used [0x00000000f9a00000,0x00000000ffd6b7c0,0x0000000100000000)
  to   space 130560K, 0% used [0x00000000f0100000,0x00000000f0100000,0x00000000f8080000)
 ParOldGen       total 284160K, used 213630K [0x00000000a0000000, 0x00000000b1580000, 0x00000000e0000000)
  object space 284160K, 75% used [0x00000000a0000000,0x00000000ad09fa30,0x00000000b1580000)
 Metaspace       used 70062K, capacity 72246K, committed 73472K, reserved 1114112K
  class space    used 8553K, capacity 8955K, committed 9216K, reserved 1048576K
Event: 7413.171 GC heap after
Heap after GC invocations=49 (full 8):
 PSYoungGen      total 393728K, used 41817K [0x00000000e0000000, 0x0000000100000000, 0x0000000100000000)
  eden space 263168K, 0% used [0x00000000e0000000,0x00000000e0000000,0x00000000f0100000)
  from space 130560K, 32% used [0x00000000f0100000,0x00000000f29d6500,0x00000000f8080000)
  to   space 126464K, 0% used [0x00000000f8480000,0x00000000f8480000,0x0000000100000000)
 ParOldGen       total 312832K, used 312820K [0x00000000a0000000, 0x00000000b3180000, 0x00000000e0000000)
  object space 312832K, 99% used [0x00000000a0000000,0x00000000b317d178,0x00000000b3180000)
 Metaspace       used 70062K, capacity 72246K, committed 73472K, reserved 1114112K
  class space    used 8553K, capacity 8955K, committed 9216K, reserved 1048576K
}
Event: 7413.171 GC heap before
{Heap before GC invocations=50 (full 9):
 PSYoungGen      total 393728K, used 41817K [0x00000000e0000000, 0x0000000100000000, 0x0000000100000000)
  eden space 263168K, 0% used [0x00000000e0000000,0x00000000e0000000,0x00000000f0100000)
  from space 130560K, 32% used [0x00000000f0100000,0x00000000f29d6500,0x00000000f8080000)
  to   space 126464K, 0% used [0x00000000f8480000,0x00000000f8480000,0x0000000100000000)
 ParOldGen       total 312832K, used 312820K [0x00000000a0000000, 0x00000000b3180000, 0x00000000e0000000)
  object space 312832K, 99% used [0x00000000a0000000,0x00000000b317d178,0x00000000b3180000)
 Metaspace       used 70062K, capacity 72246K, committed 73472K, reserved 1114112K
  class space    used 8553K, capacity 8955K, committed 9216K, reserved 1048576K
Event: 7415.905 GC heap after
Heap after GC invocations=50 (full 9):
 PSYoungGen      total 393728K, used 0K [0x00000000e0000000, 0x0000000100000000, 0x0000000100000000)
  eden space 263168K, 0% used [0x00000000e0000000,0x00000000e0000000,0x00000000f0100000)
  from space 130560K, 0% used [0x00000000f0100000,0x00000000f0100000,0x00000000f8080000)
  to   space 126464K, 0% used [0x00000000f8480000,0x00000000f8480000,0x0000000100000000)
 ParOldGen       total 312832K, used 283668K [0x00000000a0000000, 0x00000000b3180000, 0x00000000e0000000)
  object space 312832K, 90% used [0x00000000a0000000,0x00000000b1505090,0x00000000b3180000)
 Metaspace       used 70062K, capacity 72246K, committed 73472K, reserved 1114112K
  class space    used 8553K, capacity 8955K, committed 9216K, reserved 1048576K
}
Event: 7417.257 GC heap before
{Heap before GC invocations=51 (full 10):
 PSYoungGen      total 393728K, used 263168K [0x00000000e0000000, 0x0000000100000000, 0x0000000100000000)
  eden space 263168K, 100% used [0x00000000e0000000,0x00000000f0100000,0x00000000f0100000)
  from space 130560K, 0% used [0x00000000f0100000,0x00000000f0100000,0x00000000f8080000)
  to   space 126464K, 0% used [0x00000000f8480000,0x00000000f8480000,0x0000000100000000)
 ParOldGen       total 312832K, used 283668K [0x00000000a0000000, 0x00000000b3180000, 0x00000000e0000000)
  object space 312832K, 90% used [0x00000000a0000000,0x00000000b1505090,0x00000000b3180000)
 Metaspace       used 70064K, capacity 72246K, committed 73472K, reserved 1114112K
  class space    used 8553K, capacity 8955K, committed 9216K, reserved 1048576K
Event: 7419.150 GC heap after
Heap after GC invocations=51 (full 10):
 PSYoungGen      total 393728K, used 0K [0x00000000e0000000, 0x0000000100000000, 0x0000000100000000)
  eden space 263168K, 0% used [0x00000000e0000000,0x00000000e0000000,0x00000000f0100000)
  from space 130560K, 0% used [0x00000000f0100000,0x00000000f0100000,0x00000000f8080000)
  to   space 126464K, 0% used [0x00000000f8480000,0x00000000f8480000,0x0000000100000000)
 ParOldGen       total 312832K, used 224480K [0x00000000a0000000, 0x00000000b3180000, 0x00000000e0000000)
  object space 312832K, 71% used [0x00000000a0000000,0x00000000adb38378,0x00000000b3180000)
 Metaspace       used 70064K, capacity 72246K, committed 73472K, reserved 1114112K
  class space    used 8553K, capacity 8955K, committed 9216K, reserved 1048576K
}
Event: 7420.850 GC heap before
{Heap before GC invocations=52 (full 10):
 PSYoungGen      total 393728K, used 263168K [0x00000000e0000000, 0x0000000100000000, 0x0000000100000000)
  eden space 263168K, 100% used [0x00000000e0000000,0x00000000f0100000,0x00000000f0100000)
  from space 130560K, 0% used [0x00000000f0100000,0x00000000f0100000,0x00000000f8080000)
  to   space 126464K, 0% used [0x00000000f8480000,0x00000000f8480000,0x0000000100000000)
 ParOldGen       total 312832K, used 224480K [0x00000000a0000000, 0x00000000b3180000, 0x00000000e0000000)
  object space 312832K, 71% used [0x00000000a0000000,0x00000000adb38378,0x00000000b3180000)
 Metaspace       used 70107K, capacity 72288K, committed 73472K, reserved 1114112K
  class space    used 8559K, capacity 8962K, committed 9216K, reserved 1048576K
Event: 7420.937 GC heap after
Heap after GC invocations=52 (full 10):
 PSYoungGen      total 384512K, used 34450K [0x00000000e0000000, 0x00000000ff700000, 0x0000000100000000)
  eden space 267264K, 0% used [0x00000000e0000000,0x00000000e0000000,0x00000000f0500000)
  from space 117248K, 29% used [0x00000000f8480000,0x00000000fa624818,0x00000000ff700000)
  to   space 123904K, 0% used [0x00000000f0500000,0x00000000f0500000,0x00000000f7e00000)
 ParOldGen       total 312832K, used 224488K [0x00000000a0000000, 0x00000000b3180000, 0x00000000e0000000)
  object space 312832K, 71% used [0x00000000a0000000,0x00000000adb3a378,0x00000000b3180000)
 Metaspace       used 70107K, capacity 72288K, committed 73472K, reserved 1114112K
  class space    used 8559K, capacity 8962K, committed 9216K, reserved 1048576K
}

