# JRE version: OpenJDK Runtime Environment (8.0_76-b03) (build 1.8.0_76-release-b03)
# Java VM: OpenJDK 64-Bit Server VM (25.76-b03 mixed mode windows-amd64 compressed oops)
Heap:
 PSYoungGen      total 195584K, used 133648K [0x00000000e0000000, 0x00000000efc80000, 0x0000000100000000)
  eden space 182784K, 67% used [0x00000000e0000000,0x00000000e77a79c0,0x00000000eb280000)
  from space 12800K, 86% used [0x00000000eb280000,0x00000000ebd5c798,0x00000000ebf00000)
  to   space 13824K, 0% used [0x00000000eef00000,0x00000000eef00000,0x00000000efc80000)
 ParOldGen       total 67584K, used 45341K [0x00000000a0000000, 0x00000000a4200000, 0x00000000e0000000)
  object space 67584K, 67% used [0x00000000a0000000,0x00000000a2c477d0,0x00000000a4200000)
 Metaspace       used 58623K, capacity 61060K, committed 61104K, reserved 1101824K
  class space    used 7827K, capacity 8354K, committed 8368K, reserved 1048576K
GC Heap History (10 events):
Event: 33.587 GC heap before
{Heap before GC invocations=16 (full 2):
 PSYoungGen      total 111104K, used 68544K [0x00000000e0000000, 0x00000000ea400000, 0x0000000100000000)
  eden space 101376K, 58% used [0x00000000e0000000,0x00000000e39741f0,0x00000000e6300000)
  from space 9728K, 99% used [0x00000000e6300000,0x00000000e6c7c170,0x00000000e6c80000)
  to   space 13824K, 0% used [0x00000000e9680000,0x00000000e9680000,0x00000000ea400000)
 ParOldGen       total 67584K, used 29688K [0x00000000a0000000, 0x00000000a4200000, 0x00000000e0000000)
  object space 67584K, 43% used [0x00000000a0000000,0x00000000a1cfe120,0x00000000a4200000)
 Metaspace       used 51736K, capacity 53684K, committed 53936K, reserved 1095680K
  class space    used 7088K, capacity 7543K, committed 7600K, reserved 1048576K
Event: 33.631 GC heap after
Heap after GC invocations=16 (full 2):
 PSYoungGen      total 153088K, used 7374K [0x00000000e0000000, 0x00000000ea300000, 0x0000000100000000)
  eden space 140288K, 0% used [0x00000000e0000000,0x00000000e0000000,0x00000000e8900000)
  from space 12800K, 57% used [0x00000000e9680000,0x00000000e9db3998,0x00000000ea300000)
  to   space 13312K, 0% used [0x00000000e8900000,0x00000000e8900000,0x00000000e9600000)
 ParOldGen       total 67584K, used 39123K [0x00000000a0000000, 0x00000000a4200000, 0x00000000e0000000)
  object space 67584K, 57% used [0x00000000a0000000,0x00000000a2634d90,0x00000000a4200000)
 Metaspace       used 51736K, capacity 53684K, committed 53936K, reserved 1095680K
  class space    used 7088K, capacity 7543K, committed 7600K, reserved 1048576K
}
Event: 33.631 GC heap before
{Heap before GC invocations=17 (full 3):
 PSYoungGen      total 153088K, used 7374K [0x00000000e0000000, 0x00000000ea300000, 0x0000000100000000)
  eden space 140288K, 0% used [0x00000000e0000000,0x00000000e0000000,0x00000000e8900000)
  from space 12800K, 57% used [0x00000000e9680000,0x00000000e9db3998,0x00000000ea300000)
  to   space 13312K, 0% used [0x00000000e8900000,0x00000000e8900000,0x00000000e9600000)
 ParOldGen       total 67584K, used 39123K [0x00000000a0000000, 0x00000000a4200000, 0x00000000e0000000)
  object space 67584K, 57% used [0x00000000a0000000,0x00000000a2634d90,0x00000000a4200000)
 Metaspace       used 51736K, capacity 53684K, committed 53936K, reserved 1095680K
  class space    used 7088K, capacity 7543K, committed 7600K, reserved 1048576K
Event: 34.021 GC heap after
Heap after GC invocations=17 (full 3):
 PSYoungGen      total 153088K, used 0K [0x00000000e0000000, 0x00000000ea300000, 0x0000000100000000)
  eden space 140288K, 0% used [0x00000000e0000000,0x00000000e0000000,0x00000000e8900000)
  from space 12800K, 0% used [0x00000000e9680000,0x00000000e9680000,0x00000000ea300000)
  to   space 13312K, 0% used [0x00000000e8900000,0x00000000e8900000,0x00000000e9600000)
 ParOldGen       total 67584K, used 40385K [0x00000000a0000000, 0x00000000a4200000, 0x00000000e0000000)
  object space 67584K, 59% used [0x00000000a0000000,0x00000000a27706b8,0x00000000a4200000)
 Metaspace       used 51736K, capacity 53684K, committed 53936K, reserved 1095680K
  class space    used 7088K, capacity 7543K, committed 7600K, reserved 1048576K
}
Event: 49.308 GC heap before
{Heap before GC invocations=18 (full 3):
 PSYoungGen      total 153088K, used 140288K [0x00000000e0000000, 0x00000000ea300000, 0x0000000100000000)
  eden space 140288K, 100% used [0x00000000e0000000,0x00000000e8900000,0x00000000e8900000)
  from space 12800K, 0% used [0x00000000e9680000,0x00000000e9680000,0x00000000ea300000)
  to   space 13312K, 0% used [0x00000000e8900000,0x00000000e8900000,0x00000000e9600000)
 ParOldGen       total 67584K, used 40385K [0x00000000a0000000, 0x00000000a4200000, 0x00000000e0000000)
  object space 67584K, 59% used [0x00000000a0000000,0x00000000a27706b8,0x00000000a4200000)
 Metaspace       used 54560K, capacity 56686K, committed 56752K, reserved 1097728K
  class space    used 7383K, capacity 7844K, committed 7856K, reserved 1048576K
Event: 49.326 GC heap after
Heap after GC invocations=18 (full 3):
 PSYoungGen      total 153600K, used 7636K [0x00000000e0000000, 0x00000000ed180000, 0x0000000100000000)
  eden space 140288K, 0% used [0x00000000e0000000,0x00000000e0000000,0x00000000e8900000)
  from space 13312K, 57% used [0x00000000e8900000,0x00000000e90751f0,0x00000000e9600000)
  to   space 12800K, 0% used [0x00000000ec500000,0x00000000ec500000,0x00000000ed180000)
 ParOldGen       total 67584K, used 40393K [0x00000000a0000000, 0x00000000a4200000, 0x00000000e0000000)
  object space 67584K, 59% used [0x00000000a0000000,0x00000000a27726b8,0x00000000a4200000)
 Metaspace       used 54560K, capacity 56686K, committed 56752K, reserved 1097728K
  class space    used 7383K, capacity 7844K, committed 7856K, reserved 1048576K
}
Event: 150.300 GC heap before
{Heap before GC invocations=19 (full 3):
 PSYoungGen      total 153600K, used 147924K [0x00000000e0000000, 0x00000000ed180000, 0x0000000100000000)
  eden space 140288K, 100% used [0x00000000e0000000,0x00000000e8900000,0x00000000e8900000)
  from space 13312K, 57% used [0x00000000e8900000,0x00000000e90751f0,0x00000000e9600000)
  to   space 12800K, 0% used [0x00000000ec500000,0x00000000ec500000,0x00000000ed180000)
 ParOldGen       total 67584K, used 40393K [0x00000000a0000000, 0x00000000a4200000, 0x00000000e0000000)
  object space 67584K, 59% used [0x00000000a0000000,0x00000000a27726b8,0x00000000a4200000)
 Metaspace       used 56309K, capacity 58578K, committed 58800K, reserved 1099776K
  class space    used 7622K, capacity 8091K, committed 8112K, reserved 1048576K
Event: 150.308 GC heap after
Heap after GC invocations=19 (full 3):
 PSYoungGen      total 189440K, used 4882K [0x00000000e0000000, 0x00000000ecb80000, 0x0000000100000000)
  eden space 182784K, 0% used [0x00000000e0000000,0x00000000e0000000,0x00000000eb280000)
  from space 6656K, 73% used [0x00000000ec500000,0x00000000ec9c4ab8,0x00000000ecb80000)
  to   space 12800K, 0% used [0x00000000eb280000,0x00000000eb280000,0x00000000ebf00000)
 ParOldGen       total 67584K, used 42613K [0x00000000a0000000, 0x00000000a4200000, 0x00000000e0000000)
  object space 67584K, 63% used [0x00000000a0000000,0x00000000a299d6e8,0x00000000a4200000)
 Metaspace       used 56309K, capacity 58578K, committed 58800K, reserved 1099776K
  class space    used 7622K, capacity 8091K, committed 8112K, reserved 1048576K
}
Event: 180.097 GC heap before
{Heap before GC invocations=20 (full 3):
 PSYoungGen      total 189440K, used 187666K [0x00000000e0000000, 0x00000000ecb80000, 0x0000000100000000)
  eden space 182784K, 100% used [0x00000000e0000000,0x00000000eb280000,0x00000000eb280000)
  from space 6656K, 73% used [0x00000000ec500000,0x00000000ec9c4ab8,0x00000000ecb80000)
  to   space 12800K, 0% used [0x00000000eb280000,0x00000000eb280000,0x00000000ebf00000)
 ParOldGen       total 67584K, used 42613K [0x00000000a0000000, 0x00000000a4200000, 0x00000000e0000000)
  object space 67584K, 63% used [0x00000000a0000000,0x00000000a299d6e8,0x00000000a4200000)
 Metaspace       used 58066K, capacity 60438K, committed 60592K, reserved 1101824K
  class space    used 7800K, capacity 8283K, committed 8368K, reserved 1048576K
Event: 180.114 GC heap after
Heap after GC invocations=20 (full 3):
 PSYoungGen      total 195584K, used 11121K [0x00000000e0000000, 0x00000000efc80000, 0x0000000100000000)
  eden space 182784K, 0% used [0x00000000e0000000,0x00000000e0000000,0x00000000eb280000)
  from space 12800K, 86% used [0x00000000eb280000,0x00000000ebd5c798,0x00000000ebf00000)
  to   space 13824K, 0% used [0x00000000eef00000,0x00000000eef00000,0x00000000efc80000)
 ParOldGen       total 67584K, used 45341K [0x00000000a0000000, 0x00000000a4200000, 0x00000000e0000000)
  object space 67584K, 67% used [0x00000000a0000000,0x00000000a2c477d0,0x00000000a4200000)
 Metaspace       used 58066K, capacity 60438K, committed 60592K, reserved 1101824K
  class space    used 7800K, capacity 8283K, committed 8368K, reserved 1048576K
}

