# JRE version: OpenJDK Runtime Environment (8.0_76-b03) (build 1.8.0_76-release-b03)
# Java VM: OpenJDK 64-Bit Server VM (25.76-b03 mixed mode windows-amd64 compressed oops)
Heap:
 PSYoungGen      total 271872K, used 144703K [0x00000000e0000000, 0x00000000f2680000, 0x0000000100000000)
  eden space 248320K, 50% used [0x00000000e0000000,0x00000000e79d6b68,0x00000000ef280000)
  from space 23552K, 84% used [0x00000000f0b00000,0x00000000f1e790a0,0x00000000f2200000)
  to   space 25088K, 0% used [0x00000000ef280000,0x00000000ef280000,0x00000000f0b00000)
 ParOldGen       total 99840K, used 50449K [0x00000000a0000000, 0x00000000a6180000, 0x00000000e0000000)
  object space 99840K, 50% used [0x00000000a0000000,0x00000000a3144418,0x00000000a6180000)
 Metaspace       used 61063K, capacity 63704K, committed 64048K, reserved 1103872K
  class space    used 8054K, capacity 8629K, committed 8752K, reserved 1048576K
GC Heap History (10 events):
Event: 15.565 GC heap before
{Heap before GC invocations=12 (full 3):
 PSYoungGen      total 227328K, used 17960K [0x00000000e0000000, 0x00000000eff00000, 0x0000000100000000)
  eden space 204288K, 0% used [0x00000000e0000000,0x00000000e0000000,0x00000000ec780000)
  from space 23040K, 77% used [0x00000000ec780000,0x00000000ed90a310,0x00000000ede00000)
  to   space 24576K, 0% used [0x00000000ee700000,0x00000000ee700000,0x00000000eff00000)
 ParOldGen       total 99840K, used 33084K [0x00000000a0000000, 0x00000000a6180000, 0x00000000e0000000)
  object space 99840K, 33% used [0x00000000a0000000,0x00000000a204f178,0x00000000a6180000)
 Metaspace       used 51696K, capacity 53654K, committed 53680K, reserved 1095680K
  class space    used 7107K, capacity 7576K, committed 7600K, reserved 1048576K
Event: 15.847 GC heap after
Heap after GC invocations=12 (full 3):
 PSYoungGen      total 227328K, used 0K [0x00000000e0000000, 0x00000000eff00000, 0x0000000100000000)
  eden space 204288K, 0% used [0x00000000e0000000,0x00000000e0000000,0x00000000ec780000)
  from space 23040K, 0% used [0x00000000ec780000,0x00000000ec780000,0x00000000ede00000)
  to   space 24576K, 0% used [0x00000000ee700000,0x00000000ee700000,0x00000000eff00000)
 ParOldGen       total 99840K, used 43678K [0x00000000a0000000, 0x00000000a6180000, 0x00000000e0000000)
  object space 99840K, 43% used [0x00000000a0000000,0x00000000a2aa7ae0,0x00000000a6180000)
 Metaspace       used 51696K, capacity 53654K, committed 53680K, reserved 1095680K
  class space    used 7107K, capacity 7576K, committed 7600K, reserved 1048576K
}
Event: 827.964 GC heap before
{Heap before GC invocations=13 (full 3):
 PSYoungGen      total 227328K, used 204288K [0x00000000e0000000, 0x00000000eff00000, 0x0000000100000000)
  eden space 204288K, 100% used [0x00000000e0000000,0x00000000ec780000,0x00000000ec780000)
  from space 23040K, 0% used [0x00000000ec780000,0x00000000ec780000,0x00000000ede00000)
  to   space 24576K, 0% used [0x00000000ee700000,0x00000000ee700000,0x00000000eff00000)
 ParOldGen       total 99840K, used 43678K [0x00000000a0000000, 0x00000000a6180000, 0x00000000e0000000)
  object space 99840K, 43% used [0x00000000a0000000,0x00000000a2aa7ae0,0x00000000a6180000)
 Metaspace       used 54761K, capacity 57034K, committed 57136K, reserved 1097728K
  class space    used 7427K, capacity 7904K, committed 7984K, reserved 1048576K
Event: 827.973 GC heap after
Heap after GC invocations=13 (full 3):
 PSYoungGen      total 236544K, used 5492K [0x00000000e0000000, 0x00000000f2400000, 0x0000000100000000)
  eden space 211968K, 0% used [0x00000000e0000000,0x00000000e0000000,0x00000000ecf00000)
  from space 24576K, 22% used [0x00000000ee700000,0x00000000eec5d1f0,0x00000000eff00000)
  to   space 24576K, 0% used [0x00000000ecf00000,0x00000000ecf00000,0x00000000ee700000)
 ParOldGen       total 99840K, used 43686K [0x00000000a0000000, 0x00000000a6180000, 0x00000000e0000000)
  object space 99840K, 43% used [0x00000000a0000000,0x00000000a2aa9ae0,0x00000000a6180000)
 Metaspace       used 54761K, capacity 57034K, committed 57136K, reserved 1097728K
  class space    used 7427K, capacity 7904K, committed 7984K, reserved 1048576K
}
Event: 833.230 GC heap before
{Heap before GC invocations=14 (full 3):
 PSYoungGen      total 236544K, used 114961K [0x00000000e0000000, 0x00000000f2400000, 0x0000000100000000)
  eden space 211968K, 51% used [0x00000000e0000000,0x00000000e6ae7498,0x00000000ecf00000)
  from space 24576K, 22% used [0x00000000ee700000,0x00000000eec5d1f0,0x00000000eff00000)
  to   space 24576K, 0% used [0x00000000ecf00000,0x00000000ecf00000,0x00000000ee700000)
 ParOldGen       total 99840K, used 43686K [0x00000000a0000000, 0x00000000a6180000, 0x00000000e0000000)
  object space 99840K, 43% used [0x00000000a0000000,0x00000000a2aa9ae0,0x00000000a6180000)
 Metaspace       used 58620K, capacity 61180K, committed 61488K, reserved 1101824K
  class space    used 7867K, capacity 8401K, committed 8496K, reserved 1048576K
Event: 833.268 GC heap after
Heap after GC invocations=14 (full 3):
 PSYoungGen      total 236544K, used 10941K [0x00000000e0000000, 0x00000000f2200000, 0x0000000100000000)
  eden space 211968K, 0% used [0x00000000e0000000,0x00000000e0000000,0x00000000ecf00000)
  from space 24576K, 44% used [0x00000000ecf00000,0x00000000ed9af750,0x00000000ee700000)
  to   space 23552K, 0% used [0x00000000f0b00000,0x00000000f0b00000,0x00000000f2200000)
 ParOldGen       total 99840K, used 43694K [0x00000000a0000000, 0x00000000a6180000, 0x00000000e0000000)
  object space 99840K, 43% used [0x00000000a0000000,0x00000000a2aabae0,0x00000000a6180000)
 Metaspace       used 58620K, capacity 61180K, committed 61488K, reserved 1101824K
  class space    used 7867K, capacity 8401K, committed 8496K, reserved 1048576K
}
Event: 833.268 GC heap before
{Heap before GC invocations=15 (full 4):
 PSYoungGen      total 236544K, used 10941K [0x00000000e0000000, 0x00000000f2200000, 0x0000000100000000)
  eden space 211968K, 0% used [0x00000000e0000000,0x00000000e0000000,0x00000000ecf00000)
  from space 24576K, 44% used [0x00000000ecf00000,0x00000000ed9af750,0x00000000ee700000)
  to   space 23552K, 0% used [0x00000000f0b00000,0x00000000f0b00000,0x00000000f2200000)
 ParOldGen       total 99840K, used 43694K [0x00000000a0000000, 0x00000000a6180000, 0x00000000e0000000)
  object space 99840K, 43% used [0x00000000a0000000,0x00000000a2aabae0,0x00000000a6180000)
 Metaspace       used 58620K, capacity 61180K, committed 61488K, reserved 1101824K
  class space    used 7867K, capacity 8401K, committed 8496K, reserved 1048576K
Event: 833.808 GC heap after
Heap after GC invocations=15 (full 4):
 PSYoungGen      total 236544K, used 0K [0x00000000e0000000, 0x00000000f2200000, 0x0000000100000000)
  eden space 211968K, 0% used [0x00000000e0000000,0x00000000e0000000,0x00000000ecf00000)
  from space 24576K, 0% used [0x00000000ecf00000,0x00000000ecf00000,0x00000000ee700000)
  to   space 23552K, 0% used [0x00000000f0b00000,0x00000000f0b00000,0x00000000f2200000)
 ParOldGen       total 99840K, used 50441K [0x00000000a0000000, 0x00000000a6180000, 0x00000000e0000000)
  object space 99840K, 50% used [0x00000000a0000000,0x00000000a3142418,0x00000000a6180000)
 Metaspace       used 58593K, capacity 61092K, committed 61488K, reserved 1101824K
  class space    used 7859K, capacity 8393K, committed 8496K, reserved 1048576K
}
Event: 856.207 GC heap before
{Heap before GC invocations=16 (full 4):
 PSYoungGen      total 236544K, used 211968K [0x00000000e0000000, 0x00000000f2200000, 0x0000000100000000)
  eden space 211968K, 100% used [0x00000000e0000000,0x00000000ecf00000,0x00000000ecf00000)
  from space 24576K, 0% used [0x00000000ecf00000,0x00000000ecf00000,0x00000000ee700000)
  to   space 23552K, 0% used [0x00000000f0b00000,0x00000000f0b00000,0x00000000f2200000)
 ParOldGen       total 99840K, used 50441K [0x00000000a0000000, 0x00000000a6180000, 0x00000000e0000000)
  object space 99840K, 50% used [0x00000000a0000000,0x00000000a3142418,0x00000000a6180000)
 Metaspace       used 60319K, capacity 62948K, committed 63152K, reserved 1103872K
  class space    used 7995K, capacity 8557K, committed 8624K, reserved 1048576K
Event: 856.228 GC heap after
Heap after GC invocations=16 (full 4):
 PSYoungGen      total 271872K, used 19940K [0x00000000e0000000, 0x00000000f2680000, 0x0000000100000000)
  eden space 248320K, 0% used [0x00000000e0000000,0x00000000e0000000,0x00000000ef280000)
  from space 23552K, 84% used [0x00000000f0b00000,0x00000000f1e790a0,0x00000000f2200000)
  to   space 25088K, 0% used [0x00000000ef280000,0x00000000ef280000,0x00000000f0b00000)
 ParOldGen       total 99840K, used 50449K [0x00000000a0000000, 0x00000000a6180000, 0x00000000e0000000)
  object space 99840K, 50% used [0x00000000a0000000,0x00000000a3144418,0x00000000a6180000)
 Metaspace       used 60319K, capacity 62948K, committed 63152K, reserved 1103872K
  class space    used 7995K, capacity 8557K, committed 8624K, reserved 1048576K
}

